<?xml version="1.0" encoding="UTF-8"?>
<!-- Generated by org.testng.reporters.JUnitReportReporter -->
<testsuite skipped="0" hostname="507B9DD9E523" name="com.yinting.core.TestCase" tests="1" failures="0" timestamp="06 七月 2017 01:31:03 GMT" time="1.939" errors="0">
  <testcase name="test6" time="1.939" classname="com.yinting.core.TestCase"/>
</testsuite> <!-- com.yinting.core.TestCase -->
