<?xml version="1.0" encoding="UTF-8"?>
<!-- Generated by org.testng.reporters.JUnitReportReporter -->
<testsuite skipped="0" hostname="yt.lan" name="com.yinting.core.test1" tests="1" failures="0" timestamp="08 六月 2017 09:31:16 GMT" time="0.333" errors="0">
  <testcase name="testd" time="0.333" classname="com.yinting.core.test1"/>
</testsuite> <!-- com.yinting.core.test1 -->
