<?xml version="1.0" encoding="UTF-8"?>
<!-- Generated by org.testng.reporters.JUnitReportReporter -->
<testsuite skipped="0" hostname="PAFSH-D0519" name="com.yinting.core.TestCase2" tests="1" failures="0" timestamp="2 Jun 2017 13:16:58 GMT" time="0.048" errors="0">
  <testcase name="test" time="0.048" classname="com.yinting.core.TestCase2"/>
</testsuite> <!-- com.yinting.core.TestCase2 -->
