<?xml version="1.0" encoding="UTF-8"?>
<!-- Generated by org.testng.reporters.JUnitReportReporter -->
<testsuite skipped="0" hostname="yt.lan" name="com.yinting.core.TestCase" tests="30" failures="0" timestamp="07 六月 2017 12:20:07 GMT" time="0.055" errors="0">
  <testcase name="test3" time="0.001" classname="com.yinting.core.TestCase"/>
  <testcase name="test3" time="0.001" classname="com.yinting.core.TestCase"/>
  <testcase name="test5" time="0.001" classname="com.yinting.core.TestCase"/>
  <testcase name="test1" time="0.010" classname="com.yinting.core.TestCase"/>
  <testcase name="test6" time="0.001" classname="com.yinting.core.TestCase"/>
  <testcase name="test4" time="0.001" classname="com.yinting.core.TestCase"/>
  <testcase name="test5" time="0.001" classname="com.yinting.core.TestCase"/>
  <testcase name="test2" time="0.010" classname="com.yinting.core.TestCase"/>
  <testcase name="test3" time="0.001" classname="com.yinting.core.TestCase"/>
  <testcase name="test4" time="0.001" classname="com.yinting.core.TestCase"/>
  <testcase name="test1" time="0.001" classname="com.yinting.core.TestCase"/>
  <testcase name="test4" time="0.001" classname="com.yinting.core.TestCase"/>
  <testcase name="test5" time="0.001" classname="com.yinting.core.TestCase"/>
  <testcase name="test1" time="0.001" classname="com.yinting.core.TestCase"/>
  <testcase name="test2" time="0.002" classname="com.yinting.core.TestCase"/>
  <testcase name="test6" time="0.001" classname="com.yinting.core.TestCase"/>
  <testcase name="test5" time="0.001" classname="com.yinting.core.TestCase"/>
  <testcase name="test6" time="0.001" classname="com.yinting.core.TestCase"/>
  <testcase name="test2" time="0.002" classname="com.yinting.core.TestCase"/>
  <testcase name="test1" time="0.002" classname="com.yinting.core.TestCase"/>
  <testcase name="test4" time="0.001" classname="com.yinting.core.TestCase"/>
  <testcase name="test6" time="0.001" classname="com.yinting.core.TestCase"/>
  <testcase name="test6" time="0.001" classname="com.yinting.core.TestCase"/>
  <testcase name="test2" time="0.002" classname="com.yinting.core.TestCase"/>
  <testcase name="test5" time="0.001" classname="com.yinting.core.TestCase"/>
  <testcase name="test1" time="0.002" classname="com.yinting.core.TestCase"/>
  <testcase name="test3" time="0.001" classname="com.yinting.core.TestCase"/>
  <testcase name="test2" time="0.002" classname="com.yinting.core.TestCase"/>
  <testcase name="test3" time="0.002" classname="com.yinting.core.TestCase"/>
  <testcase name="test4" time="0.001" classname="com.yinting.core.TestCase"/>
</testsuite> <!-- com.yinting.core.TestCase -->
