<?xml version="1.0" encoding="UTF-8"?>
<!-- Generated by org.testng.reporters.JUnitReportReporter -->
<testsuite skipped="0" hostname="yt.lan" name="com.yinting.core.TestCase2" tests="1" failures="0" timestamp="09 六月 2017 06:58:46 GMT" time="0.960" errors="0">
  <testcase name="test" time="0.960" classname="com.yinting.core.TestCase2"/>
</testsuite> <!-- com.yinting.core.TestCase2 -->
