<?xml version="1.0" encoding="UTF-8"?>
<!-- Generated by org.testng.reporters.JUnitReportReporter -->
<testsuite skipped="0" hostname="507B9DD9E523" name="com.Testng.run.daotest" tests="1" failures="0" timestamp="10 八月 2017 02:01:03 GMT" time="0.089" errors="0">
  <testcase name="test" time="0.089" classname="com.Testng.run.daotest"/>
</testsuite> <!-- com.Testng.run.daotest -->
