<?xml version="1.0" encoding="UTF-8"?>
<!-- Generated by org.testng.reporters.JUnitReportReporter -->
<testsuite skipped="0" hostname="507B9DD9E523" name="com.yinting.business.Debug" tests="1" failures="0" timestamp="02 八月 2017 08:56:17 GMT" time="0.061" errors="0">
  <testcase name="test" time="0.061" classname="com.yinting.business.Debug"/>
</testsuite> <!-- com.yinting.business.Debug -->
