<?xml version="1.0" encoding="UTF-8"?>
<!-- Generated by org.testng.reporters.JUnitReportReporter -->
<testsuite skipped="0" hostname="PAFSH-D0519" name="com.Testng.run.Test001" tests="1" failures="0" timestamp="2 Jun 2017 08:40:42 GMT" time="0.121" errors="0">
  <testcase name="test_getListFiles" time="0.121" classname="com.Testng.run.Test001"/>
</testsuite> <!-- com.Testng.run.Test001 -->
