<?xml version="1.0" encoding="UTF-8"?>
<!-- Generated by org.testng.reporters.JUnitReportReporter -->
<testsuite skipped="0" hostname="bogon" name="com.yinting.dao.userTest" tests="1" failures="0" timestamp="28 六月 2017 09:13:27 GMT" time="9.850" errors="0">
  <testcase name="test1" time="9.850" classname="com.yinting.dao.userTest"/>
</testsuite> <!-- com.yinting.dao.userTest -->
