<?xml version="1.0" encoding="UTF-8"?>
<!-- Generated by org.testng.reporters.JUnitReportReporter -->
<<<<<<< HEAD
<testsuite skipped="0" hostname="PAFSH-D0519" name="com.yinting.core.test" tests="1" failures="0" timestamp="1 Jun 2017 13:17:21 GMT" time="0.784" errors="0">
  <testcase name="test" time="0.784" classname="com.yinting.core.test"/>
=======
<testsuite skipped="0" hostname="yt.local" name="com.yinting.core.test" tests="1" failures="0" timestamp="01 六月 2017 13:24:43 GMT" time="0.418" errors="0">
  <testcase name="test" time="0.418" classname="com.yinting.core.test"/>
>>>>>>> 7d968982e75f2e882aad4c8a37b4b2f2b72374a2
</testsuite> <!-- com.yinting.core.test -->
