<?xml version="1.0" encoding="UTF-8"?>
<!-- Generated by org.testng.reporters.JUnitReportReporter -->
<testsuite skipped="0" hostname="yt.local" name="com.yinting.core.test1" tests="2" failures="0" timestamp="02 六月 2017 12:30:33 GMT" time="5.773" errors="0">
  <testcase name="test" time="0.186" classname="com.yinting.core.test1"/>
  <testcase name="test1" time="5.587" classname="com.yinting.core.test1"/>
</testsuite> <!-- com.yinting.core.test1 -->
