<?xml version="1.0" encoding="UTF-8"?>
<!-- Generated by org.testng.reporters.JUnitReportReporter -->
<testsuite skipped="0" hostname="yt.local" name="com.yinting.core.TestCase" tests="3" failures="0" timestamp="27 六月 2017 03:30:34 GMT" time="0.015" errors="0">
  <testcase name="test6" time="0.002" classname="com.yinting.core.TestCase"/>
  <testcase name="test6" time="0.003" classname="com.yinting.core.TestCase"/>
  <testcase name="test6" time="0.010" classname="com.yinting.core.TestCase"/>
</testsuite> <!-- com.yinting.core.TestCase -->
