<?xml version="1.0" encoding="UTF-8"?>
<!-- Generated by org.testng.reporters.JUnitReportReporter -->
<testsuite skipped="0" hostname="507B9DD9E523" name="com.Testng.run.Test" tests="1" failures="0" timestamp="10 八月 2017 03:59:34 GMT" time="0.075" errors="0">
  <testcase name="main" time="0.075" classname="com.Testng.run.Test"/>
</testsuite> <!-- com.Testng.run.Test -->
