<?xml version="1.0" encoding="UTF-8"?>
<!-- Generated by org.testng.reporters.JUnitReportReporter -->
<testsuite skipped="0" hostname="507B9DD9E523" name="com.yinting.tools.DataPersistenceFactory" tests="1" failures="0" timestamp="11 八月 2017 07:11:25 GMT" time="0.655" errors="0">
  <testcase name="traversalData" time="0.655" classname="com.yinting.tools.DataPersistenceFactory"/>
</testsuite> <!-- com.yinting.tools.DataPersistenceFactory -->
