<?xml version="1.0" encoding="UTF-8"?>
<!-- Generated by org.testng.reporters.JUnitReportReporter -->
<testsuite skipped="0" hostname="yt.local" name="com.yinting.core.test" tests="1" failures="0" timestamp="01 六月 2017 07:36:09 GMT" time="1.240" errors="0">
  <testcase name="test" time="1.240" classname="com.yinting.core.test"/>
</testsuite> <!-- com.yinting.core.test -->
