<?xml version="1.0" encoding="UTF-8"?>
<!-- Generated by org.testng.reporters.JUnitReportReporter -->
<<<<<<< HEAD
<testsuite skipped="0" hostname="yt.local" name="com.yinting.core.test" tests="1" failures="0" timestamp="01 六月 2017 13:02:33 GMT" time="0.924" errors="0">
  <testcase name="test" time="0.924" classname="com.yinting.core.test"/>
=======
<testsuite skipped="0" hostname="PAFSH-D0519" name="com.yinting.core.test" tests="1" failures="0" timestamp="1 Jun 2017 12:38:51 GMT" time="1.094" errors="0">
  <testcase name="test" time="1.094" classname="com.yinting.core.test"/>
>>>>>>> 0f7250d70191017b7a930872c9a9cbdb2f1d5321
</testsuite> <!-- com.yinting.core.test -->
