<?xml version="1.0" encoding="UTF-8"?>
<!-- Generated by org.testng.reporters.JUnitReportReporter -->
<<<<<<< HEAD
<testsuite skipped="0" hostname="yt.local" name="com.yinting.core.TestCase" tests="1" failures="0" timestamp="06 六月 2017 07:31:39 GMT" time="0.007" errors="0">
  <testcase name="test" time="0.007" classname="com.yinting.core.TestCase"/>
=======
<testsuite skipped="0" hostname="PAFSH-D0519" name="com.yinting.core.TestCase" tests="1" failures="0" timestamp="2 Jun 2017 13:16:58 GMT" time="1.078" errors="0">
  <testcase name="test" time="1.078" classname="com.yinting.core.TestCase"/>
>>>>>>> b4aee948eb6c6345a85d8533fbcbeaaab411736c
</testsuite> <!-- com.yinting.core.TestCase -->
