<?xml version="1.0" encoding="UTF-8"?>
<!-- Generated by org.testng.reporters.JUnitReportReporter -->
<testsuite skipped="0" hostname="yt.local" name="com.yinting.core.test1" tests="2" failures="0" timestamp="07 六月 2017 07:41:50 GMT" time="6.072" errors="0">
  <testcase name="test" time="0.518" classname="com.yinting.core.test1"/>
  <testcase name="test1" time="5.554" classname="com.yinting.core.test1"/>
</testsuite> <!-- com.yinting.core.test1 -->
