<?xml version="1.0" encoding="UTF-8"?>
<!-- Generated by org.testng.reporters.JUnitReportReporter -->
<testsuite skipped="0" hostname="yt.local" name="com.yinting.core.TestCase" tests="1" failures="0" timestamp="06 六月 2017 07:31:39 GMT" time="0.007" errors="0">
  <testcase name="test" time="0.007" classname="com.yinting.core.TestCase"/>
</testsuite> <!-- com.yinting.core.TestCase -->
