<?xml version="1.0" encoding="UTF-8"?>
<!-- Generated by org.testng.reporters.JUnitReportReporter -->
<testsuite skipped="0" hostname="yt.local" name="com.yinting.core.TestCase" tests="1" failures="0" timestamp="02 六月 2017 12:30:33 GMT" time="0.416" errors="0">
  <testcase name="test" time="0.416" classname="com.yinting.core.TestCase"/>
</testsuite> <!-- com.yinting.core.TestCase -->
