<?xml version="1.0" encoding="UTF-8"?>
<!-- Generated by org.testng.reporters.JUnitReportReporter -->
<testsuite skipped="0" hostname="PAFSH-D0519" name="com.yinting.core.TestCase" tests="1" failures="0" timestamp="2 Jun 2017 08:51:33 GMT" time="0.031" errors="0">
  <testcase name="test" time="0.031" classname="com.yinting.core.TestCase"/>
</testsuite> <!-- com.yinting.core.TestCase -->
