<?xml version="1.0" encoding="UTF-8"?>
<!-- Generated by org.testng.reporters.JUnitReportReporter -->
<testsuite skipped="0" hostname="yt.lan" name="com.yinting.core.TestCase" tests="5" failures="0" timestamp="09 六月 2017 07:22:42 GMT" time="0.011" errors="0">
  <testcase name="test6" time="0.001" classname="com.yinting.core.TestCase"/>
  <testcase name="test6" time="0.007" classname="com.yinting.core.TestCase"/>
  <testcase name="test6" time="0.001" classname="com.yinting.core.TestCase"/>
  <testcase name="test6" time="0.001" classname="com.yinting.core.TestCase"/>
  <testcase name="test6" time="0.001" classname="com.yinting.core.TestCase"/>
</testsuite> <!-- com.yinting.core.TestCase -->
