<?xml version="1.0" encoding="UTF-8"?>
<!-- Generated by org.testng.reporters.JUnitReportReporter -->
<testsuite skipped="0" hostname="yt.local" name="com.yinting.core.TestCase2" tests="2" failures="0" timestamp="09 六月 2017 09:35:02 GMT" time="0.902" errors="0">
  <testcase name="test" time="0.849" classname="com.yinting.core.TestCase2"/>
  <testcase name="test1" time="0.053" classname="com.yinting.core.TestCase2"/>
</testsuite> <!-- com.yinting.core.TestCase2 -->
