<?xml version="1.0" encoding="UTF-8"?>
<!-- Generated by org.testng.reporters.JUnitReportReporter -->
<testsuite skipped="0" hostname="507B9DD9E523" name="com.yinting.test.Test4" tests="1" failures="0" timestamp="24 九月 2017 05:33:53 GMT" time="0.864" errors="0">
  <testcase name="test" time="0.864" classname="com.yinting.test.Test4"/>
</testsuite> <!-- com.yinting.test.Test4 -->
