<?xml version="1.0" encoding="UTF-8"?>
<!-- Generated by org.testng.reporters.JUnitReportReporter -->
<testsuite skipped="0" hostname="507B9DD9E523" name="com.yinting.test.TestStatus" tests="1" failures="0" timestamp="15 九月 2017 02:57:29 GMT" time="10.997" errors="0">
  <testcase name="test1" time="10.997" classname="com.yinting.test.TestStatus"/>
</testsuite> <!-- com.yinting.test.TestStatus -->
