<?xml version="1.0" encoding="UTF-8"?>
<!-- Generated by org.testng.reporters.JUnitReportReporter -->
<testsuite skipped="0" hostname="bogon" name="com.yinting.core.TestCase" tests="6" failures="0" timestamp="28 六月 2017 09:25:30 GMT" time="0.140" errors="0">
  <testcase name="test6" time="0.022" classname="com.yinting.core.TestCase"/>
  <testcase name="test6" time="0.022" classname="com.yinting.core.TestCase"/>
  <testcase name="test6" time="0.037" classname="com.yinting.core.TestCase"/>
  <testcase name="test6" time="0.021" classname="com.yinting.core.TestCase"/>
  <testcase name="test6" time="0.017" classname="com.yinting.core.TestCase"/>
  <testcase name="test6" time="0.021" classname="com.yinting.core.TestCase"/>
</testsuite> <!-- com.yinting.core.TestCase -->
