<?xml version="1.0" encoding="UTF-8"?>
<!-- Generated by org.testng.reporters.JUnitReportReporter -->
<testsuite skipped="0" hostname="yt.local" name="com.yinting.core.test" tests="1" failures="0" timestamp="01 六月 2017 13:02:33 GMT" time="0.924" errors="0">
  <testcase name="test" time="0.924" classname="com.yinting.core.test"/>
</testsuite> <!-- com.yinting.core.test -->
