<?xml version="1.0" encoding="UTF-8"?>
<!-- Generated by org.testng.reporters.JUnitReportReporter -->
<testsuite skipped="0" hostname="yt.lan" name="com.yinting.core.test" tests="1" failures="0" timestamp="01 六月 2017 08:32:59 GMT" time="0.350" errors="0">
  <testcase name="test" time="0.350" classname="com.yinting.core.test"/>
</testsuite> <!-- com.yinting.core.test -->
