<?xml version="1.0" encoding="UTF-8"?>
<!-- Generated by org.testng.reporters.JUnitReportReporter -->
<testsuite skipped="0" hostname="507B9DD9E523" name="com.yinting.core.test1" tests="1" failures="0" timestamp="02 八月 2017 08:11:19 GMT" time="0.131" errors="0">
  <testcase name="test" time="0.131" classname="com.yinting.core.test1"/>
</testsuite> <!-- com.yinting.core.test1 -->
