<?xml version="1.0" encoding="UTF-8"?>
<!-- Generated by org.testng.reporters.JUnitReportReporter -->
<testsuite skipped="0" hostname="PAFSH-D0519" name="com.yinting.core.test" tests="1" failures="0" timestamp="1 Jun 2017 12:38:51 GMT" time="1.094" errors="0">
  <testcase name="test" time="1.094" classname="com.yinting.core.test"/>
</testsuite> <!-- com.yinting.core.test -->
