<?xml version="1.0" encoding="UTF-8"?>
<!-- Generated by org.testng.reporters.JUnitReportReporter -->
<testsuite skipped="0" hostname="507B9DD9E523" name="com.yinting.core.TestCase" tests="1" failures="0" timestamp="26 七月 2017 11:54:29 GMT" time="0.718" errors="0">
  <testcase name="test" time="0.718" classname="com.yinting.core.TestCase"/>
</testsuite> <!-- com.yinting.core.TestCase -->
