<?xml version="1.0" encoding="UTF-8"?>
<!-- Generated by org.testng.reporters.JUnitReportReporter -->
<testsuite skipped="0" hostname="507B9DD9E523" name="com.Testng.run.Testclass" tests="1" failures="0" timestamp="31 八月 2017 08:55:18 GMT" time="0.568" errors="0">
  <testcase name="test" time="0.568" classname="com.Testng.run.Testclass"/>
</testsuite> <!-- com.Testng.run.Testclass -->
