<?xml version="1.0" encoding="UTF-8"?>
<!-- Generated by org.testng.reporters.JUnitReportReporter -->
<testsuite skipped="0" hostname="yt.local" name="testapi.test" tests="1" failures="0" timestamp="09 六月 2017 09:35:13 GMT" time="1.729" errors="0">
  <testcase name="test" time="1.729" classname="testapi.test"/>
</testsuite> <!-- testapi.test -->
